<?xml version="1.0" encoding="UTF-8"?>
<testng-results skipped="0" failed="0" total="0" passed="0">
  <reporter-output>
  </reporter-output>
  <suite name="Cnn UI Tests" duration-ms="7" started-at="2014-04-23T01:09:43Z" finished-at="2014-04-23T01:09:43Z">
    <groups>
    </groups>
    <test name="Cnn on Windows-8 with chrome Tests" duration-ms="7" started-at="2014-04-23T01:09:43Z" finished-at="2014-04-23T01:09:43Z">
    </test> <!-- Cnn on Windows-8 with chrome Tests -->
  </suite> <!-- Cnn UI Tests -->
</testng-results>
